<?xml version="1.0" encoding="UTF-8"?>
<!-- Generated by org.testng.reporters.JUnitXMLReporter -->
<testsuite ignored="0" hostname="testriq" failures="0" tests="5" name="Device4" time="165.191" errors="0" timestamp="2025-01-27T16:33:10 IST">
  <testcase classname="testcases.TC_03_Checkout" name="CheckoutTest" time="58.368"/>
  <testcase classname="testcases.TC_01_Login" name="LogintoTheApp" time="13.424"/>
  <testcase classname="testcases.TC_02_Add_To_Cart" name="WithLoginAddToCartAndCheckout" time="15.965"/>
  <testcase classname="testcases.TC_02_Add_To_Cart" name="WithoutLoginAddToCart" time="5.949"/>
  <testcase classname="testcases.TC_02_Add_To_Cart" name="RemoveProductFromCart" time="21.547"/>
</testsuite> <!-- Device4 -->
