<?xml version="1.0" encoding="UTF-8"?>
<!-- Generated by org.testng.reporters.JUnitXMLReporter -->
<testsuite ignored="0" hostname="testriq" failures="0" tests="5" name="Device5" time="60.567" errors="0" timestamp="2025-01-25T17:52:55 IST">
  <testcase classname="testcases.TC_03_Checkout" name="CheckoutTest" time="0.0">
    <skipped/>
  </testcase> <!-- CheckoutTest -->
  <testcase classname="testcases.TC_01_Login" name="LogintoTheApp" time="0.0">
    <skipped/>
  </testcase> <!-- LogintoTheApp -->
  <testcase classname="testcases.TC_02_Add_To_Cart" name="WithLoginAddToCartAndCheckout" time="0.0">
    <skipped/>
  </testcase> <!-- WithLoginAddToCartAndCheckout -->
  <testcase classname="testcases.TC_02_Add_To_Cart" name="WithoutLoginAddToCart" time="0.0">
    <skipped/>
  </testcase> <!-- WithoutLoginAddToCart -->
  <testcase classname="testcases.TC_02_Add_To_Cart" name="RemoveProductFromCart" time="0.0">
    <skipped/>
  </testcase> <!-- RemoveProductFromCart -->
</testsuite> <!-- Device5 -->
