<?xml version="1.0" encoding="UTF-8"?>
<!-- Generated by org.testng.reporters.JUnitXMLReporter -->
<testsuite ignored="0" hostname="testriq" failures="0" tests="5" name="Device3" time="60.645" errors="0" timestamp="2025-01-25T17:52:54 IST">
  <testcase classname="testcases.TC_03_Checkout" name="@BeforeClass configuration" time="20.225">
    <failure type="io.appium.java_client.service.local.AppiumServerHasNotBeenStartedLocallyException" message="Appium HTTP server is not listening at http://127.0.0.1:4726/ after 20000 ms timeout. Consider increasing the server startup timeout value and check the server log for possible error messages occurrences.
Node.js executable path: C:\Program Files\nodejs\node.exe
Arguments: [C:\Users\Testriq\AppData\Roaming\npm\node_modules\appium\build\lib\main.js, --port, 4726, --address, 127.0.0.1]
Server log: [38;5;112m[Appium][0m Welcome to Appium v2.11.5 (REV 4eddc999c5d9b705e7356152d2d5953a0dda3720)
[38;5;112m[Appium][0m Non-default server args:
[38;5;112m[Appium][0m { address: [32m&amp;apos;127.0.0.1&amp;apos;[39m, port: [33m4726[39m }
[38;5;112m[Appium][0m The autodetected Appium home path: C:\Users\Testriq\.appium
[38;5;112m[Appium][0m Attempting to load driver uiautomator2...
[38;5;112m[Appium][0m Requiring driver at C:\Users\Testriq\.appium\node_modules\appium-uiautomator2-driver\build\index.js
[38;5;112m[Appium][0m AndroidUiautomator2Driver has been successfully loaded in 2.304s
[38;5;86m[HTTP][0m Could not start REST http interface listener. The requested port may already be in use. Please make sure there is no other instance of this server running already.
[38;5;112m[Appium][0m Could not configure Appium server. It&amp;apos;s possible that a driver or plugin tried to update the server and failed. Original error: listen EADDRINUSE: address already in use 127.0.0.1:4726
[38;5;112m[Appium][0m Error: listen EADDRINUSE: address already in use 127.0.0.1:4726
    at Server.setupListenHandle [as _listen2] (node:net:1904:16)
    at listenInCluster (node:net:1961:12)
    at doListen (node:net:2135:7)
    at processTicksAndRejections (node:internal/process/task_queues:83:21)
">
      <![CDATA[io.appium.java_client.service.local.AppiumServerHasNotBeenStartedLocallyException: Appium HTTP server is not listening at http://127.0.0.1:4726/ after 20000 ms timeout. Consider increasing the server startup timeout value and check the server log for possible error messages occurrences.
Node.js executable path: C:\Program Files\nodejs\node.exe
Arguments: [C:\Users\Testriq\AppData\Roaming\npm\node_modules\appium\build\lib\main.js, --port, 4726, --address, 127.0.0.1]
Server log: [38;5;112m[Appium][0m Welcome to Appium v2.11.5 (REV 4eddc999c5d9b705e7356152d2d5953a0dda3720)
[38;5;112m[Appium][0m Non-default server args:
[38;5;112m[Appium][0m { address: [32m'127.0.0.1'[39m, port: [33m4726[39m }
[38;5;112m[Appium][0m The autodetected Appium home path: C:\Users\Testriq\.appium
[38;5;112m[Appium][0m Attempting to load driver uiautomator2...
[38;5;112m[Appium][0m Requiring driver at C:\Users\Testriq\.appium\node_modules\appium-uiautomator2-driver\build\index.js
[38;5;112m[Appium][0m AndroidUiautomator2Driver has been successfully loaded in 2.304s
[38;5;86m[HTTP][0m Could not start REST http interface listener. The requested port may already be in use. Please make sure there is no other instance of this server running already.
[38;5;112m[Appium][0m Could not configure Appium server. It's possible that a driver or plugin tried to update the server and failed. Original error: listen EADDRINUSE: address already in use 127.0.0.1:4726
[38;5;112m[Appium][0m Error: listen EADDRINUSE: address already in use 127.0.0.1:4726
    at Server.setupListenHandle [as _listen2] (node:net:1904:16)
    at listenInCluster (node:net:1961:12)
    at doListen (node:net:2135:7)
    at processTicksAndRejections (node:internal/process/task_queues:83:21)

at io.appium.java_client.service.local.AppiumDriverLocalService.start(AppiumDriverLocalService.java:192)
at AndroidUtils.AppiumUtils.startAppiumServer(AppiumUtils.java:66)
at testcases.BaseTest.startAppiumServerAndInitializeDriver(BaseTest.java:20)
at testcases.TC_03_Checkout.configuration(TC_03_Checkout.java:26)
at java.base/java.util.ArrayList.forEach(ArrayList.java:1596)
at java.base/java.util.concurrent.FutureTask.run(FutureTask.java:317)
at java.base/java.util.concurrent.ThreadPoolExecutor.runWorker(ThreadPoolExecutor.java:1144)
at java.base/java.util.concurrent.ThreadPoolExecutor$Worker.run(ThreadPoolExecutor.java:642)
at java.base/java.lang.Thread.run(Thread.java:1583)
Caused by: io.appium.java_client.service.local.AppiumServerAvailabilityChecker$ConnectionTimeout: ConnectionTimeout
at io.appium.java_client.service.local.AppiumServerAvailabilityChecker.waitUntilAvailable(AppiumServerAvailabilityChecker.java:72)
at io.appium.java_client.service.local.AppiumDriverLocalService.ping(AppiumDriverLocalService.java:144)
at io.appium.java_client.service.local.AppiumDriverLocalService.start(AppiumDriverLocalService.java:185)
... 21 more
Caused by: java.net.SocketTimeoutException: Read timed out
at java.base/sun.nio.ch.NioSocketImpl.timedRead(NioSocketImpl.java:278)
at java.base/sun.nio.ch.NioSocketImpl.implRead(NioSocketImpl.java:304)
at java.base/sun.nio.ch.NioSocketImpl.read(NioSocketImpl.java:346)
at java.base/sun.nio.ch.NioSocketImpl$1.read(NioSocketImpl.java:796)
at java.base/java.net.Socket$SocketInputStream.read(Socket.java:1099)
at java.base/java.io.BufferedInputStream.fill(BufferedInputStream.java:291)
at java.base/java.io.BufferedInputStream.read1(BufferedInputStream.java:347)
at java.base/java.io.BufferedInputStream.implRead(BufferedInputStream.java:420)
at java.base/java.io.BufferedInputStream.read(BufferedInputStream.java:399)
at java.base/sun.net.www.http.HttpClient.parseHTTPHeader(HttpClient.java:827)
at java.base/sun.net.www.http.HttpClient.parseHTTP(HttpClient.java:759)
at java.base/sun.net.www.protocol.http.HttpURLConnection.getInputStream0(HttpURLConnection.java:1705)
at java.base/sun.net.www.protocol.http.HttpURLConnection.getInputStream(HttpURLConnection.java:1614)
at java.base/java.net.HttpURLConnection.getResponseCode(HttpURLConnection.java:531)
at io.appium.java_client.service.local.AppiumServerAvailabilityChecker.checkResponse(AppiumServerAvailabilityChecker.java:84)
at io.appium.java_client.service.local.AppiumServerAvailabilityChecker.waitUntilAvailable(AppiumServerAvailabilityChecker.java:62)
... 23 more
... Removed 13 stack frames]]>
    </failure>
  </testcase> <!-- @BeforeClass configuration -->
  <testcase classname="testcases.TC_03_Checkout" name="@AfterClass Teardown" time="0.0">
    <skipped/>
  </testcase> <!-- @AfterClass Teardown -->
  <testcase classname="testcases.TC_01_Login" name="@BeforeClass configuration" time="20.159">
    <failure type="io.appium.java_client.service.local.AppiumServerHasNotBeenStartedLocallyException" message="Appium HTTP server is not listening at http://127.0.0.1:4726/ after 20000 ms timeout. Consider increasing the server startup timeout value and check the server log for possible error messages occurrences.
Node.js executable path: C:\Program Files\nodejs\node.exe
Arguments: [C:\Users\Testriq\AppData\Roaming\npm\node_modules\appium\build\lib\main.js, --port, 4726, --address, 127.0.0.1]
Server log: [38;5;112m[Appium][0m Welcome to Appium v2.11.5 (REV 4eddc999c5d9b705e7356152d2d5953a0dda3720)
[38;5;112m[Appium][0m Non-default server args:
[38;5;112m[Appium][0m { address: [32m&amp;apos;127.0.0.1&amp;apos;[39m, port: [33m4726[39m }
[38;5;112m[Appium][0m The autodetected Appium home path: C:\Users\Testriq\.appium
[38;5;112m[Appium][0m Attempting to load driver uiautomator2...
[38;5;112m[Appium][0m Requiring driver at C:\Users\Testriq\.appium\node_modules\appium-uiautomator2-driver\build\index.js
[38;5;112m[Appium][0m AndroidUiautomator2Driver has been successfully loaded in 1.601s
[38;5;86m[HTTP][0m Could not start REST http interface listener. The requested port may already be in use. Please make sure there is no other instance of this server running already.
[38;5;112m[Appium][0m Could not configure Appium server. It&amp;apos;s possible that a driver or plugin tried to update the server and failed. Original error: listen EADDRINUSE: address already in use 127.0.0.1:4726
[38;5;112m[Appium][0m Error: listen EADDRINUSE: address already in use 127.0.0.1:4726
    at Server.setupListenHandle [as _listen2] (node:net:1904:16)
    at listenInCluster (node:net:1961:12)
    at doListen (node:net:2135:7)
    at processTicksAndRejections (node:internal/process/task_queues:83:21)
">
      <![CDATA[io.appium.java_client.service.local.AppiumServerHasNotBeenStartedLocallyException: Appium HTTP server is not listening at http://127.0.0.1:4726/ after 20000 ms timeout. Consider increasing the server startup timeout value and check the server log for possible error messages occurrences.
Node.js executable path: C:\Program Files\nodejs\node.exe
Arguments: [C:\Users\Testriq\AppData\Roaming\npm\node_modules\appium\build\lib\main.js, --port, 4726, --address, 127.0.0.1]
Server log: [38;5;112m[Appium][0m Welcome to Appium v2.11.5 (REV 4eddc999c5d9b705e7356152d2d5953a0dda3720)
[38;5;112m[Appium][0m Non-default server args:
[38;5;112m[Appium][0m { address: [32m'127.0.0.1'[39m, port: [33m4726[39m }
[38;5;112m[Appium][0m The autodetected Appium home path: C:\Users\Testriq\.appium
[38;5;112m[Appium][0m Attempting to load driver uiautomator2...
[38;5;112m[Appium][0m Requiring driver at C:\Users\Testriq\.appium\node_modules\appium-uiautomator2-driver\build\index.js
[38;5;112m[Appium][0m AndroidUiautomator2Driver has been successfully loaded in 1.601s
[38;5;86m[HTTP][0m Could not start REST http interface listener. The requested port may already be in use. Please make sure there is no other instance of this server running already.
[38;5;112m[Appium][0m Could not configure Appium server. It's possible that a driver or plugin tried to update the server and failed. Original error: listen EADDRINUSE: address already in use 127.0.0.1:4726
[38;5;112m[Appium][0m Error: listen EADDRINUSE: address already in use 127.0.0.1:4726
    at Server.setupListenHandle [as _listen2] (node:net:1904:16)
    at listenInCluster (node:net:1961:12)
    at doListen (node:net:2135:7)
    at processTicksAndRejections (node:internal/process/task_queues:83:21)

at io.appium.java_client.service.local.AppiumDriverLocalService.start(AppiumDriverLocalService.java:192)
at AndroidUtils.AppiumUtils.startAppiumServer(AppiumUtils.java:66)
at testcases.BaseTest.startAppiumServerAndInitializeDriver(BaseTest.java:20)
at testcases.TC_01_Login.configuration(TC_01_Login.java:23)
at java.base/java.util.ArrayList.forEach(ArrayList.java:1596)
at java.base/java.util.concurrent.FutureTask.run(FutureTask.java:317)
at java.base/java.util.concurrent.ThreadPoolExecutor.runWorker(ThreadPoolExecutor.java:1144)
at java.base/java.util.concurrent.ThreadPoolExecutor$Worker.run(ThreadPoolExecutor.java:642)
at java.base/java.lang.Thread.run(Thread.java:1583)
Caused by: io.appium.java_client.service.local.AppiumServerAvailabilityChecker$ConnectionTimeout: ConnectionTimeout
at io.appium.java_client.service.local.AppiumServerAvailabilityChecker.waitUntilAvailable(AppiumServerAvailabilityChecker.java:72)
at io.appium.java_client.service.local.AppiumDriverLocalService.ping(AppiumDriverLocalService.java:144)
at io.appium.java_client.service.local.AppiumDriverLocalService.start(AppiumDriverLocalService.java:185)
... 21 more
Caused by: java.net.ConnectException: Connection refused: getsockopt
at java.base/sun.nio.ch.Net.pollConnect(Native Method)
at java.base/sun.nio.ch.Net.pollConnectNow(Net.java:682)
at java.base/sun.nio.ch.NioSocketImpl.timedFinishConnect(NioSocketImpl.java:542)
at java.base/sun.nio.ch.NioSocketImpl.connect(NioSocketImpl.java:592)
at java.base/java.net.Socket.connect(Socket.java:751)
at java.base/sun.net.NetworkClient.doConnect(NetworkClient.java:178)
at java.base/sun.net.www.http.HttpClient.openServer(HttpClient.java:531)
at java.base/sun.net.www.http.HttpClient.openServer(HttpClient.java:636)
at java.base/sun.net.www.http.HttpClient.<init>(HttpClient.java:280)
at java.base/sun.net.www.http.HttpClient.New(HttpClient.java:386)
at java.base/sun.net.www.http.HttpClient.New(HttpClient.java:408)
at java.base/sun.net.www.protocol.http.HttpURLConnection.getNewHttpClient(HttpURLConnection.java:1319)
at java.base/sun.net.www.protocol.http.HttpURLConnection.plainConnect0(HttpURLConnection.java:1252)
at java.base/sun.net.www.protocol.http.HttpURLConnection.plainConnect(HttpURLConnection.java:1138)
at java.base/sun.net.www.protocol.http.HttpURLConnection.connect(HttpURLConnection.java:1067)
at io.appium.java_client.service.local.AppiumServerAvailabilityChecker.connectToUrl(AppiumServerAvailabilityChecker.java:79)
at io.appium.java_client.service.local.AppiumServerAvailabilityChecker.waitUntilAvailable(AppiumServerAvailabilityChecker.java:61)
... 23 more
... Removed 13 stack frames]]>
    </failure>
  </testcase> <!-- @BeforeClass configuration -->
  <testcase classname="testcases.BaseTest" name="@AfterClass Teardown" time="0.0">
    <skipped/>
  </testcase> <!-- @AfterClass Teardown -->
  <testcase classname="testcases.TC_03_Checkout" name="CheckoutTest" time="0.0">
    <skipped/>
  </testcase> <!-- CheckoutTest -->
  <testcase classname="testcases.TC_01_Login" name="LogintoTheApp" time="0.0">
    <skipped/>
  </testcase> <!-- LogintoTheApp -->
  <testcase classname="testcases.TC_02_Add_To_Cart" name="WithLoginAddToCartAndCheckout" time="0.0">
    <skipped/>
  </testcase> <!-- WithLoginAddToCartAndCheckout -->
  <testcase classname="testcases.TC_02_Add_To_Cart" name="WithoutLoginAddToCart" time="0.0">
    <skipped/>
  </testcase> <!-- WithoutLoginAddToCart -->
  <testcase classname="testcases.TC_02_Add_To_Cart" name="RemoveProductFromCart" time="0.0">
    <skipped/>
  </testcase> <!-- RemoveProductFromCart -->
</testsuite> <!-- Device3 -->
