<?xml version="1.0" encoding="UTF-8"?>
<!-- Generated by org.testng.reporters.JUnitXMLReporter -->
<testsuite ignored="0" hostname="testriq" failures="0" tests="5" name="Device1" time="157.015" errors="0" timestamp="2025-01-27T16:33:01 IST">
  <testcase classname="testcases.TC_03_Checkout" name="CheckoutTest" time="47.198"/>
  <testcase classname="testcases.TC_01_Login" name="LogintoTheApp" time="13.664"/>
  <testcase classname="testcases.TC_02_Add_To_Cart" name="WithLoginAddToCartAndCheckout" time="15.713"/>
  <testcase classname="testcases.TC_02_Add_To_Cart" name="WithoutLoginAddToCart" time="6.377"/>
  <testcase classname="testcases.TC_02_Add_To_Cart" name="RemoveProductFromCart" time="20.905"/>
</testsuite> <!-- Device1 -->
