<?xml version="1.0" encoding="UTF-8"?>
<!-- Generated by org.testng.reporters.JUnitXMLReporter -->
<testsuite ignored="0" hostname="testriq" failures="0" tests="5" name="Device5" time="162.271" errors="0" timestamp="2025-01-27T16:33:07 IST">
  <testcase classname="testcases.TC_03_Checkout" name="CheckoutTest" time="55.553"/>
  <testcase classname="testcases.TC_01_Login" name="LogintoTheApp" time="13.955"/>
  <testcase classname="testcases.TC_02_Add_To_Cart" name="WithLoginAddToCartAndCheckout" time="16.524"/>
  <testcase classname="testcases.TC_02_Add_To_Cart" name="WithoutLoginAddToCart" time="6.245"/>
  <testcase classname="testcases.TC_02_Add_To_Cart" name="RemoveProductFromCart" time="22.197"/>
</testsuite> <!-- Device5 -->
