<?xml version="1.0" encoding="UTF-8"?>
<!-- Generated by org.testng.reporters.JUnitXMLReporter -->
<testsuite ignored="0" hostname="testriq" failures="0" tests="3" name="Default test" time="63.418" errors="0" timestamp="2025-01-16T18:58:45 IST">
  <testcase classname="testcases.TC_02_Add_To_Cart" name="WithLoginAddToCartAndCheckout" time="15.121"/>
  <testcase classname="testcases.TC_02_Add_To_Cart" name="WithoutLoginAddToCart" time="6.244"/>
  <testcase classname="testcases.TC_02_Add_To_Cart" name="RemoveProductFromCart" time="20.023"/>
</testsuite> <!-- Default test -->
