<?xml version="1.0" encoding="UTF-8"?>
<!-- Generated by org.testng.reporters.JUnitXMLReporter -->
<testsuite ignored="0" hostname="Testriqs-MacBook-Air-5.local" failures="0" tests="4" name="Test2" time="97.346" errors="0" timestamp="2025-01-22T15:26:49 IST">
  <testcase classname="testcases.TC_02_Add_To_Cart" name="WithLoginAddToCartAndCheckout" time="15.924"/>
  <testcase classname="testcases.TC_02_Add_To_Cart" name="WithoutLoginAddToCart" time="5.63"/>
  <testcase classname="testcases.TC_02_Add_To_Cart" name="RemoveProductFromCart" time="19.332"/>
  <testcase classname="testcases.TC_02_Add_To_Cart" name="Checkout" time="43.421"/>
</testsuite> <!-- Test2 -->
