<?xml version="1.0" encoding="UTF-8"?>
<!-- Generated by org.testng.reporters.JUnitXMLReporter -->
<testsuite ignored="0" hostname="Testriqs-MacBook-Air-5.local" failures="1" tests="5" name="Test" time="81.076" errors="0" timestamp="2025-01-22T12:42:41 IST">
  <testcase classname="testcases.TC_03_Checkout" name="@BeforeClass configuration" time="0.679">
    <failure type="java.lang.RuntimeException" message="Failed to initialize Appium session. Check configurations.">
      <![CDATA[java.lang.RuntimeException: Failed to initialize Appium session. Check configurations.
at testcases.BaseTest.startAppiumServerAndInitializeDriver(BaseTest.java:44)
at testcases.TC_03_Checkout.configuration(TC_03_Checkout.java:23)
at java.base/java.util.ArrayList.forEach(ArrayList.java:1596)
... Removed 23 stack frames]]>
    </failure>
  </testcase> <!-- @BeforeClass configuration -->
  <testcase classname="testcases.TC_03_Checkout" name="@AfterClass Teardown" time="0.0">
    <skipped/>
  </testcase> <!-- @AfterClass Teardown -->
  <testcase classname="testcases.TC_01_Login" name="LogintoTheapp" time="11.567"/>
  <testcase classname="testcases.TC_02_Add_To_Cart" name="WithLoginAddToCartAndCheckout" time="15.76"/>
  <testcase classname="testcases.TC_02_Add_To_Cart" name="WithoutLoginAddToCart" time="6.011">
    <failure type="org.openqa.selenium.StaleElementReferenceException" message="The element &amp;apos;By.id: com.saucelabs.mydemoapp.android:id/productTV&amp;apos; does not exist in DOM anymore
For documentation on this error, please visit: https://www.selenium.dev/documentation/webdriver/troubleshooting/errors#stale-element-reference-exception
Build info: version: &amp;apos;4.28.0&amp;apos;, revision: &amp;apos;ac342546e9&amp;apos;
System info: os.name: &amp;apos;Mac OS X&amp;apos;, os.arch: &amp;apos;aarch64&amp;apos;, os.version: &amp;apos;15.0.1&amp;apos;, java.version: &amp;apos;21&amp;apos;
Driver info: io.appium.java_client.android.AndroidDriver
Command: [b1e702cc-db84-435b-984c-3f9d98531ff4, isElementDisplayed {id=00000000-0000-025f-ffff-ffff00000607}]
Capabilities {appium:app: /Users/testriqqalab/eclipse..., appium:appActivity: com.saucelabs.mydemoapp.and..., appium:appPackage: com.saucelabs.mydemoapp.and..., appium:autoGrantPermissions: true, appium:automationName: UIAutomator2, appium:databaseEnabled: false, appium:desired: {app: /Users/testriqqalab/eclipse..., appActivity: com.saucelabs.mydemoapp.and..., appPackage: com.saucelabs.mydemoapp.and..., autoGrantPermissions: true, automationName: UIAutomator2, deviceName: AndroidDeviceName, platformName: ANDROID}, appium:deviceApiLevel: 35, appium:deviceManufacturer: Google, appium:deviceModel: sdk_gphone64_arm64, appium:deviceName: emulator-5554, appium:deviceScreenDensity: 420, appium:deviceScreenSize: 1080x2400, appium:deviceUDID: emulator-5554, appium:javascriptEnabled: true, appium:locationContextEnabled: false, appium:networkConnectionEnabled: true, appium:pixelRatio: 2.625, appium:platformVersion: 15, appium:statBarHeight: 128, appium:takesScreenshot: true, appium:viewportRect: {height: 2272, left: 0, top: 128, width: 1080}, appium:warnings: {}, appium:webStorageEnabled: false, platformName: ANDROID}
Element: [[AndroidDriver:  on ANDROID (b1e702cc-db84-435b-984c-3f9d98531ff4)] -&amp;gt; id: com.saucelabs.mydemoapp.android:id/productTV]
Session ID: b1e702cc-db84-435b-984c-3f9d98531ff4">
      <![CDATA[org.openqa.selenium.StaleElementReferenceException: The element 'By.id: com.saucelabs.mydemoapp.android:id/productTV' does not exist in DOM anymore
For documentation on this error, please visit: https://www.selenium.dev/documentation/webdriver/troubleshooting/errors#stale-element-reference-exception
Build info: version: '4.28.0', revision: 'ac342546e9'
System info: os.name: 'Mac OS X', os.arch: 'aarch64', os.version: '15.0.1', java.version: '21'
Driver info: io.appium.java_client.android.AndroidDriver
Command: [b1e702cc-db84-435b-984c-3f9d98531ff4, isElementDisplayed {id=00000000-0000-025f-ffff-ffff00000607}]
Capabilities {appium:app: /Users/testriqqalab/eclipse..., appium:appActivity: com.saucelabs.mydemoapp.and..., appium:appPackage: com.saucelabs.mydemoapp.and..., appium:autoGrantPermissions: true, appium:automationName: UIAutomator2, appium:databaseEnabled: false, appium:desired: {app: /Users/testriqqalab/eclipse..., appActivity: com.saucelabs.mydemoapp.and..., appPackage: com.saucelabs.mydemoapp.and..., autoGrantPermissions: true, automationName: UIAutomator2, deviceName: AndroidDeviceName, platformName: ANDROID}, appium:deviceApiLevel: 35, appium:deviceManufacturer: Google, appium:deviceModel: sdk_gphone64_arm64, appium:deviceName: emulator-5554, appium:deviceScreenDensity: 420, appium:deviceScreenSize: 1080x2400, appium:deviceUDID: emulator-5554, appium:javascriptEnabled: true, appium:locationContextEnabled: false, appium:networkConnectionEnabled: true, appium:pixelRatio: 2.625, appium:platformVersion: 15, appium:statBarHeight: 128, appium:takesScreenshot: true, appium:viewportRect: {height: 2272, left: 0, top: 128, width: 1080}, appium:warnings: {}, appium:webStorageEnabled: false, platformName: ANDROID}
Element: [[AndroidDriver:  on ANDROID (b1e702cc-db84-435b-984c-3f9d98531ff4)] -> id: com.saucelabs.mydemoapp.android:id/productTV]
Session ID: b1e702cc-db84-435b-984c-3f9d98531ff4
at org.openqa.selenium.remote.ErrorCodec.decode(ErrorCodec.java:167)
at org.openqa.selenium.remote.codec.w3c.W3CHttpResponseCodec.decode(W3CHttpResponseCodec.java:138)
at org.openqa.selenium.remote.codec.w3c.W3CHttpResponseCodec.decode(W3CHttpResponseCodec.java:50)
at org.openqa.selenium.remote.HttpCommandExecutor.execute(HttpCommandExecutor.java:215)
at io.appium.java_client.remote.AppiumCommandExecutor.execute(AppiumCommandExecutor.java:237)
at org.openqa.selenium.remote.RemoteWebDriver.execute(RemoteWebDriver.java:545)
at org.openqa.selenium.remote.RemoteWebElement.execute(RemoteWebElement.java:223)
at org.openqa.selenium.remote.RemoteWebElement.isDisplayed(RemoteWebElement.java:282)
at io.appium.java_client.pagefactory.ElementInterceptor.getObject(ElementInterceptor.java:42)
at io.appium.java_client.pagefactory.interceptors.InterceptorOfASingleElement.call(InterceptorOfASingleElement.java:79)
at io.appium.java_client.proxy.Interceptor.intercept(Interceptor.java:78)
at org.openqa.selenium.remote.RemoteWebElement$ByteBuddy$vL6Ne2Rf.isDisplayed(Unknown Source)
at ecommerce.Project.Add_To_Cart_Page_Object.verifyMyCartPage(Add_To_Cart_Page_Object.java:177)
at testcases.TC_02_Add_To_Cart.WithoutLoginAddToCart(TC_02_Add_To_Cart.java:40)
at java.base/java.util.ArrayList.forEach(ArrayList.java:1596)
... Removed 30 stack frames]]>
    </failure>
  </testcase> <!-- WithoutLoginAddToCart -->
  <testcase classname="testcases.TC_02_Add_To_Cart" name="RemoveProductFromCart" time="18.651"/>
  <testcase classname="testcases.TC_03_Checkout" name="Checkout" time="0.0">
    <skipped/>
  </testcase> <!-- Checkout -->
</testsuite> <!-- Test -->
