<?xml version="1.0" encoding="UTF-8"?>
<!-- Generated by org.testng.reporters.JUnitXMLReporter -->
<testsuite ignored="0" hostname="testriq" failures="2" tests="5" name="Test" time="139.441" errors="0" timestamp="2025-01-23T15:49:57 IST">
  <testcase classname="testcases.TC_01_Login" name="LogintoTheapp" time="10.032"/>
  <testcase classname="testcases.TC_02_Add_To_Cart" name="WithLoginAddToCartAndCheckout" time="12.736"/>
  <testcase classname="testcases.TC_02_Add_To_Cart" name="WithoutLoginAddToCart" time="5.426">
    <failure type="org.openqa.selenium.StaleElementReferenceException" message="The element &amp;apos;By.id: com.saucelabs.mydemoapp.android:id/productTV&amp;apos; does not exist in DOM anymore
For documentation on this error, please visit: https://www.selenium.dev/documentation/webdriver/troubleshooting/errors#stale-element-reference-exception
Build info: version: &amp;apos;4.28.0&amp;apos;, revision: &amp;apos;ac342546e9&amp;apos;
System info: os.name: &amp;apos;Windows 11&amp;apos;, os.arch: &amp;apos;amd64&amp;apos;, os.version: &amp;apos;10.0&amp;apos;, java.version: &amp;apos;21.0.5&amp;apos;
Driver info: io.appium.java_client.android.AndroidDriver
Command: [08475696-78cf-454a-b1cf-2c6e78674de6, isElementDisplayed {id=00000000-0000-00b9-ffff-ffff00000607}]
Capabilities {appium:app: G:\Automation Projects\test..., appium:appActivity: com.saucelabs.mydemoapp.and..., appium:appPackage: com.saucelabs.mydemoapp.and..., appium:autoGrantPermissions: true, appium:automationName: UIAutomator2, appium:databaseEnabled: false, appium:desired: {app: G:\Automation Projects\test..., appActivity: com.saucelabs.mydemoapp.and..., appPackage: com.saucelabs.mydemoapp.and..., autoGrantPermissions: true, automationName: UIAutomator2, deviceName: AndroidDeviceName, platformName: ANDROID}, appium:deviceApiLevel: 33, appium:deviceManufacturer: samsung, appium:deviceModel: SM-G980F, appium:deviceName: RF8N30AXDHN, appium:deviceScreenDensity: 480, appium:deviceScreenSize: 1080x2400, appium:deviceUDID: RF8N30AXDHN, appium:javascriptEnabled: true, appium:locationContextEnabled: false, appium:networkConnectionEnabled: true, appium:pixelRatio: 3, appium:platformVersion: 13, appium:statBarHeight: 78, appium:takesScreenshot: true, appium:viewportRect: {height: 2322, left: 0, top: 78, width: 1080}, appium:warnings: {}, appium:webStorageEnabled: false, platformName: ANDROID}
Element: [[AndroidDriver:  on ANDROID (08475696-78cf-454a-b1cf-2c6e78674de6)] -&amp;gt; id: com.saucelabs.mydemoapp.android:id/productTV]
Session ID: 08475696-78cf-454a-b1cf-2c6e78674de6">
      <![CDATA[org.openqa.selenium.StaleElementReferenceException: The element 'By.id: com.saucelabs.mydemoapp.android:id/productTV' does not exist in DOM anymore
For documentation on this error, please visit: https://www.selenium.dev/documentation/webdriver/troubleshooting/errors#stale-element-reference-exception
Build info: version: '4.28.0', revision: 'ac342546e9'
System info: os.name: 'Windows 11', os.arch: 'amd64', os.version: '10.0', java.version: '21.0.5'
Driver info: io.appium.java_client.android.AndroidDriver
Command: [08475696-78cf-454a-b1cf-2c6e78674de6, isElementDisplayed {id=00000000-0000-00b9-ffff-ffff00000607}]
Capabilities {appium:app: G:\Automation Projects\test..., appium:appActivity: com.saucelabs.mydemoapp.and..., appium:appPackage: com.saucelabs.mydemoapp.and..., appium:autoGrantPermissions: true, appium:automationName: UIAutomator2, appium:databaseEnabled: false, appium:desired: {app: G:\Automation Projects\test..., appActivity: com.saucelabs.mydemoapp.and..., appPackage: com.saucelabs.mydemoapp.and..., autoGrantPermissions: true, automationName: UIAutomator2, deviceName: AndroidDeviceName, platformName: ANDROID}, appium:deviceApiLevel: 33, appium:deviceManufacturer: samsung, appium:deviceModel: SM-G980F, appium:deviceName: RF8N30AXDHN, appium:deviceScreenDensity: 480, appium:deviceScreenSize: 1080x2400, appium:deviceUDID: RF8N30AXDHN, appium:javascriptEnabled: true, appium:locationContextEnabled: false, appium:networkConnectionEnabled: true, appium:pixelRatio: 3, appium:platformVersion: 13, appium:statBarHeight: 78, appium:takesScreenshot: true, appium:viewportRect: {height: 2322, left: 0, top: 78, width: 1080}, appium:warnings: {}, appium:webStorageEnabled: false, platformName: ANDROID}
Element: [[AndroidDriver:  on ANDROID (08475696-78cf-454a-b1cf-2c6e78674de6)] -> id: com.saucelabs.mydemoapp.android:id/productTV]
Session ID: 08475696-78cf-454a-b1cf-2c6e78674de6
at org.openqa.selenium.remote.ErrorCodec.decode(ErrorCodec.java:167)
at org.openqa.selenium.remote.codec.w3c.W3CHttpResponseCodec.decode(W3CHttpResponseCodec.java:138)
at org.openqa.selenium.remote.codec.w3c.W3CHttpResponseCodec.decode(W3CHttpResponseCodec.java:50)
at org.openqa.selenium.remote.HttpCommandExecutor.execute(HttpCommandExecutor.java:215)
at io.appium.java_client.remote.AppiumCommandExecutor.execute(AppiumCommandExecutor.java:237)
at org.openqa.selenium.remote.RemoteWebDriver.execute(RemoteWebDriver.java:545)
at org.openqa.selenium.remote.RemoteWebElement.execute(RemoteWebElement.java:223)
at org.openqa.selenium.remote.RemoteWebElement.isDisplayed(RemoteWebElement.java:282)
at io.appium.java_client.pagefactory.ElementInterceptor.getObject(ElementInterceptor.java:42)
at io.appium.java_client.pagefactory.interceptors.InterceptorOfASingleElement.call(InterceptorOfASingleElement.java:79)
at io.appium.java_client.proxy.Interceptor.intercept(Interceptor.java:78)
at org.openqa.selenium.remote.RemoteWebElement$ByteBuddy$G6Sj0l5W.isDisplayed(Unknown Source)
at ecommerce.Project.Add_To_Cart_Page_Object.verifyMyCartPage(Add_To_Cart_Page_Object.java:178)
at testcases.TC_02_Add_To_Cart.WithoutLoginAddToCart(TC_02_Add_To_Cart.java:52)
at java.base/java.util.ArrayList.forEach(ArrayList.java:1596)
... Removed 30 stack frames]]>
    </failure>
  </testcase> <!-- WithoutLoginAddToCart -->
  <testcase classname="testcases.TC_02_Add_To_Cart" name="RemoveProductFromCart" time="23.406">
    <failure type="org.openqa.selenium.NoSuchElementException" message="Can&amp;apos;t locate an element by this strategy: By.chained({AppiumBy.accessibilityId: Removes product from cart})">
      <![CDATA[org.openqa.selenium.NoSuchElementException: Can't locate an element by this strategy: By.chained({AppiumBy.accessibilityId: Removes product from cart})
at io.appium.java_client.pagefactory.AppiumElementLocator.findElement(AppiumElementLocator.java:166)
at io.appium.java_client.pagefactory.interceptors.InterceptorOfASingleElement.call(InterceptorOfASingleElement.java:75)
at io.appium.java_client.proxy.Interceptor.intercept(Interceptor.java:78)
at org.openqa.selenium.remote.RemoteWebElement$ByteBuddy$RWBRscT0.click(Unknown Source)
at ecommerce.Project.Add_To_Cart_Page_Object.RemoveProductFromCart(Add_To_Cart_Page_Object.java:130)
at testcases.TC_02_Add_To_Cart.RemoveProductFromCart(TC_02_Add_To_Cart.java:59)
at java.base/java.util.ArrayList.forEach(ArrayList.java:1596)
Caused by: org.openqa.selenium.TimeoutException: Expected condition failed: waiting for io.appium.java_client.pagefactory.AppiumElementLocator$WaitingFunction@16e4db59 (tried for 1 second(s) with 500 milliseconds interval)
at org.openqa.selenium.support.ui.FluentWait.timeoutException(FluentWait.java:265)
at org.openqa.selenium.support.ui.FluentWait.until(FluentWait.java:228)
at io.appium.java_client.pagefactory.AppiumElementLocator.waitFor(AppiumElementLocator.java:135)
at io.appium.java_client.pagefactory.AppiumElementLocator.findElement(AppiumElementLocator.java:160)
... 31 more
Caused by: org.openqa.selenium.NoSuchElementException: Cannot locate an element using By.chained({AppiumBy.accessibilityId: Removes product from cart})
For documentation on this error, please visit: https://www.selenium.dev/documentation/webdriver/troubleshooting/errors#no-such-element-exception
Build info: version: '4.28.0', revision: 'ac342546e9'
System info: os.name: 'Windows 11', os.arch: 'amd64', os.version: '10.0', java.version: '21.0.5'
Driver info: driver.version: RemoteWebDriver
at io.appium.java_client.pagefactory.bys.builder.ByChained.findElement(ByChained.java:74)
at org.openqa.selenium.remote.ElementLocation$ElementFinder$1.findElement(ElementLocation.java:139)
at org.openqa.selenium.remote.ElementLocation.findElement(ElementLocation.java:59)
at org.openqa.selenium.remote.RemoteWebDriver.findElement(RemoteWebDriver.java:368)
at org.openqa.selenium.remote.RemoteWebDriver.findElement(RemoteWebDriver.java:362)
at io.appium.java_client.pagefactory.bys.ContentMappedBy.findElement(ContentMappedBy.java:53)
at org.openqa.selenium.remote.ElementLocation$ElementFinder$1.findElement(ElementLocation.java:139)
at org.openqa.selenium.remote.ElementLocation.findElement(ElementLocation.java:59)
at org.openqa.selenium.remote.RemoteWebDriver.findElement(RemoteWebDriver.java:368)
at org.openqa.selenium.remote.RemoteWebDriver.findElement(RemoteWebDriver.java:362)
at io.appium.java_client.pagefactory.AppiumElementLocator.lambda$findElement$1(AppiumElementLocator.java:160)
at io.appium.java_client.pagefactory.AppiumElementLocator$WaitingFunction.apply(AppiumElementLocator.java:217)
at io.appium.java_client.pagefactory.AppiumElementLocator$WaitingFunction.apply(AppiumElementLocator.java:210)
at org.openqa.selenium.support.ui.FluentWait.until(FluentWait.java:203)
... 33 more
... Removed 25 stack frames]]>
    </failure>
  </testcase> <!-- RemoveProductFromCart -->
  <testcase classname="testcases.TC_03_Checkout" name="CheckoutTest" time="40.199"/>
</testsuite> <!-- Test -->
