<?xml version="1.0" encoding="UTF-8"?>
<!-- Generated by org.testng.reporters.JUnitXMLReporter -->
<testsuite ignored="0" hostname="testriq" failures="0" tests="5" name="Test1" time="19.719" errors="0" timestamp="2025-01-22T15:25:39 IST">
  <testcase classname="testcases.BaseTest" name="@BeforeClass startAppiumServerAndInitializeDriver" time="8.991">
    <failure type="java.lang.RuntimeException" message="Failed to initialize Appium session. Check configurations.">
      <![CDATA[java.lang.RuntimeException: Failed to initialize Appium session. Check configurations.
at testcases.BaseTest.startAppiumServerAndInitializeDriver(BaseTest.java:52)
at java.base/java.util.ArrayList.forEach(ArrayList.java:1596)
at java.base/java.util.concurrent.FutureTask.run(FutureTask.java:317)
at java.base/java.util.concurrent.ThreadPoolExecutor.runWorker(ThreadPoolExecutor.java:1144)
at java.base/java.util.concurrent.ThreadPoolExecutor$Worker.run(ThreadPoolExecutor.java:642)
at java.base/java.lang.Thread.run(Thread.java:1583)
... Removed 13 stack frames]]>
    </failure>
  </testcase> <!-- @BeforeClass startAppiumServerAndInitializeDriver -->
  <testcase classname="testcases.BaseTest" name="@BeforeClass startAppiumServerAndInitializeDriver" time="8.99">
    <failure type="java.lang.RuntimeException" message="Failed to initialize Appium session. Check configurations.">
      <![CDATA[java.lang.RuntimeException: Failed to initialize Appium session. Check configurations.
at testcases.BaseTest.startAppiumServerAndInitializeDriver(BaseTest.java:52)
at java.base/java.util.ArrayList.forEach(ArrayList.java:1596)
at java.base/java.util.concurrent.FutureTask.run(FutureTask.java:317)
at java.base/java.util.concurrent.ThreadPoolExecutor.runWorker(ThreadPoolExecutor.java:1144)
at java.base/java.util.concurrent.ThreadPoolExecutor$Worker.run(ThreadPoolExecutor.java:642)
at java.base/java.lang.Thread.run(Thread.java:1583)
... Removed 13 stack frames]]>
    </failure>
  </testcase> <!-- @BeforeClass startAppiumServerAndInitializeDriver -->
  <testcase classname="testcases.TC_03_Checkout" name="@BeforeMethod configuration" time="0.0">
    <skipped/>
  </testcase> <!-- @BeforeMethod configuration -->
  <testcase classname="testcases.TC_03_Checkout" name="@BeforeMethod configuration" time="0.0">
    <skipped/>
  </testcase> <!-- @BeforeMethod configuration -->
  <testcase classname="testcases.TC_03_Checkout" name="@AfterMethod Teardown" time="0.0">
    <skipped/>
  </testcase> <!-- @AfterMethod Teardown -->
  <testcase classname="testcases.TC_03_Checkout" name="@AfterMethod Teardown" time="0.0">
    <skipped/>
  </testcase> <!-- @AfterMethod Teardown -->
  <testcase classname="testcases.BaseTest" name="@BeforeClass startAppiumServerAndInitializeDriver" time="5.308">
    <failure type="java.lang.RuntimeException" message="Failed to initialize Appium session. Check configurations.">
      <![CDATA[java.lang.RuntimeException: Failed to initialize Appium session. Check configurations.
at testcases.BaseTest.startAppiumServerAndInitializeDriver(BaseTest.java:52)
at java.base/java.util.ArrayList.forEach(ArrayList.java:1596)
at java.base/java.util.concurrent.FutureTask.run(FutureTask.java:317)
at java.base/java.util.concurrent.ThreadPoolExecutor.runWorker(ThreadPoolExecutor.java:1144)
at java.base/java.util.concurrent.ThreadPoolExecutor$Worker.run(ThreadPoolExecutor.java:642)
at java.base/java.lang.Thread.run(Thread.java:1583)
... Removed 13 stack frames]]>
    </failure>
  </testcase> <!-- @BeforeClass startAppiumServerAndInitializeDriver -->
  <testcase classname="testcases.TC_01_Login" name="@BeforeMethod configuration" time="0.0">
    <skipped/>
  </testcase> <!-- @BeforeMethod configuration -->
  <testcase classname="testcases.BaseTest" name="@BeforeClass startAppiumServerAndInitializeDriver" time="5.311">
    <failure type="java.lang.RuntimeException" message="Failed to initialize Appium session. Check configurations.">
      <![CDATA[java.lang.RuntimeException: Failed to initialize Appium session. Check configurations.
at testcases.BaseTest.startAppiumServerAndInitializeDriver(BaseTest.java:52)
at java.base/java.util.ArrayList.forEach(ArrayList.java:1596)
at java.base/java.util.concurrent.FutureTask.run(FutureTask.java:317)
at java.base/java.util.concurrent.ThreadPoolExecutor.runWorker(ThreadPoolExecutor.java:1144)
at java.base/java.util.concurrent.ThreadPoolExecutor$Worker.run(ThreadPoolExecutor.java:642)
at java.base/java.lang.Thread.run(Thread.java:1583)
... Removed 13 stack frames]]>
    </failure>
  </testcase> <!-- @BeforeClass startAppiumServerAndInitializeDriver -->
  <testcase classname="testcases.TC_01_Login" name="@BeforeMethod configuration" time="0.0">
    <skipped/>
  </testcase> <!-- @BeforeMethod configuration -->
  <testcase classname="testcases.TC_01_Login" name="@AfterMethod Teardown" time="0.0">
    <skipped/>
  </testcase> <!-- @AfterMethod Teardown -->
  <testcase classname="testcases.TC_01_Login" name="@AfterMethod Teardown" time="0.0">
    <skipped/>
  </testcase> <!-- @AfterMethod Teardown -->
  <testcase classname="testcases.BaseTest" name="@BeforeClass startAppiumServerAndInitializeDriver" time="5.305">
    <failure type="java.lang.RuntimeException" message="Failed to initialize Appium session. Check configurations.">
      <![CDATA[java.lang.RuntimeException: Failed to initialize Appium session. Check configurations.
at testcases.BaseTest.startAppiumServerAndInitializeDriver(BaseTest.java:52)
at java.base/java.util.ArrayList.forEach(ArrayList.java:1596)
at java.base/java.util.concurrent.FutureTask.run(FutureTask.java:317)
at java.base/java.util.concurrent.ThreadPoolExecutor.runWorker(ThreadPoolExecutor.java:1144)
at java.base/java.util.concurrent.ThreadPoolExecutor$Worker.run(ThreadPoolExecutor.java:642)
at java.base/java.lang.Thread.run(Thread.java:1583)
... Removed 13 stack frames]]>
    </failure>
  </testcase> <!-- @BeforeClass startAppiumServerAndInitializeDriver -->
  <testcase classname="testcases.TC_02_Add_To_Cart" name="@BeforeClass configuration" time="0.0">
    <skipped/>
  </testcase> <!-- @BeforeClass configuration -->
  <testcase classname="testcases.BaseTest" name="@BeforeClass startAppiumServerAndInitializeDriver" time="5.313">
    <failure type="java.lang.RuntimeException" message="Failed to initialize Appium session. Check configurations.">
      <![CDATA[java.lang.RuntimeException: Failed to initialize Appium session. Check configurations.
at testcases.BaseTest.startAppiumServerAndInitializeDriver(BaseTest.java:52)
at java.base/java.util.ArrayList.forEach(ArrayList.java:1596)
at java.base/java.util.concurrent.FutureTask.run(FutureTask.java:317)
at java.base/java.util.concurrent.ThreadPoolExecutor.runWorker(ThreadPoolExecutor.java:1144)
at java.base/java.util.concurrent.ThreadPoolExecutor$Worker.run(ThreadPoolExecutor.java:642)
at java.base/java.lang.Thread.run(Thread.java:1583)
... Removed 13 stack frames]]>
    </failure>
  </testcase> <!-- @BeforeClass startAppiumServerAndInitializeDriver -->
  <testcase classname="testcases.TC_02_Add_To_Cart" name="@BeforeClass configuration" time="0.0">
    <skipped/>
  </testcase> <!-- @BeforeClass configuration -->
  <testcase classname="testcases.TC_02_Add_To_Cart" name="@AfterClass Teardown" time="0.0">
    <skipped/>
  </testcase> <!-- @AfterClass Teardown -->
  <testcase classname="testcases.TC_02_Add_To_Cart" name="@AfterClass Teardown" time="0.0">
    <skipped/>
  </testcase> <!-- @AfterClass Teardown -->
  <testcase classname="testcases.TC_03_Checkout" name="CheckoutTest" time="0.0">
    <skipped/>
  </testcase> <!-- CheckoutTest -->
  <testcase classname="testcases.TC_01_Login" name="LogintoTheapp" time="0.0">
    <skipped/>
  </testcase> <!-- LogintoTheapp -->
  <testcase classname="testcases.TC_02_Add_To_Cart" name="WithLoginAddToCartAndCheckout" time="0.0">
    <skipped/>
  </testcase> <!-- WithLoginAddToCartAndCheckout -->
  <testcase classname="testcases.TC_02_Add_To_Cart" name="WithoutLoginAddToCart" time="0.0">
    <skipped/>
  </testcase> <!-- WithoutLoginAddToCart -->
  <testcase classname="testcases.TC_02_Add_To_Cart" name="RemoveProductFromCart" time="0.0">
    <skipped/>
  </testcase> <!-- RemoveProductFromCart -->
</testsuite> <!-- Test1 -->
