<?xml version="1.0" encoding="UTF-8"?>
<testng-results ignored="0" total="5" passed="5" failed="0" skipped="0">
  <reporter-output>
  </reporter-output>
  <suite started-at="2025-01-22T15:24:41 IST" name="Suite" finished-at="2025-01-22T15:26:48 IST" duration-ms="127880">
    <groups>
    </groups>
    <test started-at="2025-01-22T15:24:41 IST" name="Test1" finished-at="2025-01-22T15:25:11 IST" duration-ms="30172">
      <class name="testcases.TC_01_Login">
        <test-method is-config="true" signature="startAppiumServerAndInitializeDriver()[pri:0, instance:testcases.TC_01_Login@28261e8e]" started-at="2025-01-22T15:24:41 IST" name="startAppiumServerAndInitializeDriver" finished-at="2025-01-22T15:24:57 IST" duration-ms="16037" status="PASS">
          <reporter-output>
          </reporter-output>
        </test-method> <!-- startAppiumServerAndInitializeDriver -->
        <test-method is-config="true" signature="configuration()[pri:0, instance:testcases.TC_01_Login@28261e8e]" started-at="2025-01-22T15:24:57 IST" name="configuration" finished-at="2025-01-22T15:24:58 IST" duration-ms="926" status="PASS">
          <reporter-output>
          </reporter-output>
        </test-method> <!-- configuration -->
        <test-method signature="LogintoTheapp()[pri:1, instance:testcases.TC_01_Login@28261e8e]" started-at="2025-01-22T15:24:58 IST" name="LogintoTheapp" finished-at="2025-01-22T15:25:10 IST" duration-ms="12527" status="PASS">
          <reporter-output>
          </reporter-output>
        </test-method> <!-- LogintoTheapp -->
        <test-method is-config="true" signature="Teardown()[pri:0, instance:testcases.TC_01_Login@28261e8e]" started-at="2025-01-22T15:25:10 IST" name="Teardown" finished-at="2025-01-22T15:25:11 IST" duration-ms="623" status="PASS">
          <reporter-output>
          </reporter-output>
        </test-method> <!-- Teardown -->
      </class> <!-- testcases.TC_01_Login -->
    </test> <!-- Test1 -->
    <test started-at="2025-01-22T15:25:11 IST" name="Test2" finished-at="2025-01-22T15:26:48 IST" duration-ms="97346">
      <class name="testcases.TC_02_Add_To_Cart">
        <test-method is-config="true" signature="startAppiumServerAndInitializeDriver()[pri:0, instance:testcases.TC_02_Add_To_Cart@43df23d3]" started-at="2025-01-22T15:25:11 IST" name="startAppiumServerAndInitializeDriver" finished-at="2025-01-22T15:25:21 IST" duration-ms="9941" status="PASS">
          <reporter-output>
          </reporter-output>
        </test-method> <!-- startAppiumServerAndInitializeDriver -->
        <test-method is-config="true" signature="configuration()[pri:0, instance:testcases.TC_02_Add_To_Cart@43df23d3]" started-at="2025-01-22T15:25:21 IST" name="configuration" finished-at="2025-01-22T15:25:23 IST" duration-ms="2090" status="PASS">
          <reporter-output>
          </reporter-output>
        </test-method> <!-- configuration -->
        <test-method signature="WithLoginAddToCartAndCheckout()[pri:1, instance:testcases.TC_02_Add_To_Cart@43df23d3]" started-at="2025-01-22T15:25:23 IST" name="WithLoginAddToCartAndCheckout" finished-at="2025-01-22T15:25:39 IST" duration-ms="15924" status="PASS">
          <reporter-output>
          </reporter-output>
        </test-method> <!-- WithLoginAddToCartAndCheckout -->
        <test-method signature="WithoutLoginAddToCart()[pri:2, instance:testcases.TC_02_Add_To_Cart@43df23d3]" started-at="2025-01-22T15:25:39 IST" name="WithoutLoginAddToCart" finished-at="2025-01-22T15:25:45 IST" duration-ms="5630" status="PASS">
          <reporter-output>
          </reporter-output>
        </test-method> <!-- WithoutLoginAddToCart -->
        <test-method signature="RemoveProductFromCart()[pri:3, instance:testcases.TC_02_Add_To_Cart@43df23d3]" started-at="2025-01-22T15:25:45 IST" name="RemoveProductFromCart" finished-at="2025-01-22T15:26:04 IST" duration-ms="19332" status="PASS">
          <reporter-output>
          </reporter-output>
        </test-method> <!-- RemoveProductFromCart -->
        <test-method signature="Checkout()[pri:4, instance:testcases.TC_02_Add_To_Cart@43df23d3]" started-at="2025-01-22T15:26:04 IST" name="Checkout" finished-at="2025-01-22T15:26:47 IST" duration-ms="43421" status="PASS">
          <reporter-output>
          </reporter-output>
        </test-method> <!-- Checkout -->
        <test-method is-config="true" signature="Teardown()[pri:0, instance:testcases.TC_02_Add_To_Cart@43df23d3]" started-at="2025-01-22T15:26:47 IST" name="Teardown" finished-at="2025-01-22T15:26:48 IST" duration-ms="971" status="PASS">
          <reporter-output>
          </reporter-output>
        </test-method> <!-- Teardown -->
      </class> <!-- testcases.TC_02_Add_To_Cart -->
    </test> <!-- Test2 -->
  </suite> <!-- Suite -->
</testng-results>
